<?xml version="1.0" encoding="UTF-8"?>
<!-- Generated by org.testng.reporters.JUnitReportReporter -->
<testsuite name="TestModule.LoginTest" tests="4" time="28.242" ignored="0" failures="0" timestamp="30 May 2018 13:09:27 GMT" skipped="0" hostname="C40GF55BMS" errors="0">
  <testcase name="login" time="7.512" classname="TestModule.LoginTest"/>
  <testcase name="login" time="7.018" classname="TestModule.LoginTest"/>
  <testcase name="login" time="5.242" classname="TestModule.LoginTest"/>
  <testcase name="login" time="8.470" classname="TestModule.LoginTest"/>
</testsuite> <!-- TestModule.LoginTest -->
